2021-08-23 17:35:26.387+0000 WARN [o.n.i.p.PageCache] The dbms.memory.pagecache.size setting has not been configured. It is recommended that this setting is always explicitly configured, to ensure the system has a balanced configuration. Until then, a computed heuristic value of 3220989952 bytes will be used instead. Run `neo4j-admin memrec` for memory configuration suggestions.
2021-08-23 17:35:26.737+0000 INFO [o.n.g.f.m.e.CommunityEditionModule] No locking implementation specified, defaulting to 'community'
2021-08-23 17:35:26.872+0000 INFO [o.n.g.f.GraphDatabaseFacadeFactory] Creating 'graph.db' database.
2021-08-23 17:35:26.898+0000 INFO [o.n.k.a.DatabaseAvailabilityGuard] Requirement `Database available` makes database graph.db unavailable.
2021-08-23 17:35:26.898+0000 INFO [o.n.k.a.DatabaseAvailabilityGuard] Database graph.db is unavailable.
2021-08-23 17:35:26.939+0000 INFO [o.n.i.d.DiagnosticsManager] --- INITIALIZED diagnostics START ---
2021-08-23 17:35:26.939+0000 INFO [o.n.i.d.DiagnosticsManager] Neo4j Kernel properties:
2021-08-23 17:35:26.939+0000 INFO [o.n.i.d.DiagnosticsManager] dbms.connector.http.enabled=true
2021-08-23 17:35:26.939+0000 INFO [o.n.i.d.DiagnosticsManager] unsupported.dbms.edition=community
2021-08-23 17:35:26.939+0000 INFO [o.n.i.d.DiagnosticsManager] dbms.security.auth_enabled=true
2021-08-23 17:35:26.939+0000 INFO [o.n.i.d.DiagnosticsManager] dbms.windows_service_name=neo4j
2021-08-23 17:35:26.939+0000 INFO [o.n.i.d.DiagnosticsManager] dbms.connector.bolt.enabled=true
2021-08-23 17:35:26.939+0000 INFO [o.n.i.d.DiagnosticsManager] unsupported.dbms.directories.neo4j_home=C:\Tools\neo4j-community\neo4j-community-3.5.1
2021-08-23 17:35:26.939+0000 INFO [o.n.i.d.DiagnosticsManager] dbms.connector.https.enabled=true
2021-08-23 17:35:26.939+0000 INFO [o.n.i.d.DiagnosticsManager] dbms.directories.import=import
2021-08-23 17:35:26.954+0000 INFO [o.n.i.d.DiagnosticsManager] dbms.jvm.additional=-XX:+UseG1GC
2021-08-23 17:35:26.954+0000 INFO [o.n.i.d.DiagnosticsManager] dbms.tx_log.rotation.retention_policy=1 days
2021-08-23 17:35:26.954+0000 INFO [o.n.i.d.DiagnosticsManager] Diagnostics providers:
2021-08-23 17:35:26.954+0000 INFO [o.n.i.d.DiagnosticsManager] org.neo4j.kernel.configuration.Config
2021-08-23 17:35:26.954+0000 INFO [o.n.i.d.DiagnosticsManager] org.neo4j.internal.diagnostics.DiagnosticsManager
2021-08-23 17:35:26.954+0000 INFO [o.n.i.d.DiagnosticsManager] SYSTEM_MEMORY
2021-08-23 17:35:26.954+0000 INFO [o.n.i.d.DiagnosticsManager] JAVA_MEMORY
2021-08-23 17:35:26.954+0000 INFO [o.n.i.d.DiagnosticsManager] OPERATING_SYSTEM
2021-08-23 17:35:26.954+0000 INFO [o.n.i.d.DiagnosticsManager] JAVA_VIRTUAL_MACHINE
2021-08-23 17:35:26.954+0000 INFO [o.n.i.d.DiagnosticsManager] CLASSPATH
2021-08-23 17:35:26.954+0000 INFO [o.n.i.d.DiagnosticsManager] LIBRARY_PATH
2021-08-23 17:35:26.954+0000 INFO [o.n.i.d.DiagnosticsManager] SYSTEM_PROPERTIES
2021-08-23 17:35:26.954+0000 INFO [o.n.i.d.DiagnosticsManager] TIMEZONE_DATABASE
2021-08-23 17:35:26.954+0000 INFO [o.n.i.d.DiagnosticsManager] NETWORK
2021-08-23 17:35:26.954+0000 INFO [o.n.i.d.DiagnosticsManager] System memory information:
2021-08-23 17:35:26.954+0000 INFO [o.n.i.d.DiagnosticsManager] Total Physical memory: 8.00 GB
2021-08-23 17:35:26.954+0000 INFO [o.n.i.d.DiagnosticsManager] Free Physical memory: 5.95 GB
2021-08-23 17:35:26.954+0000 INFO [o.n.i.d.DiagnosticsManager] Committed virtual memory: 245.45 MB
2021-08-23 17:35:26.954+0000 INFO [o.n.i.d.DiagnosticsManager] Total swap space: 9.87 GB
2021-08-23 17:35:26.954+0000 INFO [o.n.i.d.DiagnosticsManager] Free swap space: 8.03 GB
2021-08-23 17:35:26.954+0000 INFO [o.n.i.d.DiagnosticsManager] JVM memory information:
2021-08-23 17:35:26.954+0000 INFO [o.n.i.d.DiagnosticsManager] Free  memory: 105.99 MB
2021-08-23 17:35:26.954+0000 INFO [o.n.i.d.DiagnosticsManager] Total memory: 128.00 MB
2021-08-23 17:35:26.954+0000 INFO [o.n.i.d.DiagnosticsManager] Max   memory: 2.00 GB
2021-08-23 17:35:26.954+0000 INFO [o.n.i.d.DiagnosticsManager] Garbage Collector: G1 Young Generation: [G1 Eden Space, G1 Survivor Space]
2021-08-23 17:35:26.954+0000 INFO [o.n.i.d.DiagnosticsManager] Garbage Collector: G1 Old Generation: [G1 Eden Space, G1 Survivor Space, G1 Old Gen]
2021-08-23 17:35:26.954+0000 INFO [o.n.i.d.DiagnosticsManager] Memory Pool: Code Cache (Non-heap memory): committed=5.81 MB, used=5.78 MB, max=240.00 MB, threshold=0.00 B
2021-08-23 17:35:26.954+0000 INFO [o.n.i.d.DiagnosticsManager] Memory Pool: Metaspace (Non-heap memory): committed=21.30 MB, used=20.39 MB, max=-1.00 B, threshold=0.00 B
2021-08-23 17:35:26.954+0000 INFO [o.n.i.d.DiagnosticsManager] Memory Pool: Compressed Class Space (Non-heap memory): committed=2.63 MB, used=2.44 MB, max=1.00 GB, threshold=0.00 B
2021-08-23 17:35:26.954+0000 INFO [o.n.i.d.DiagnosticsManager] Memory Pool: G1 Eden Space (Heap memory): committed=75.00 MB, used=3.00 MB, max=-1.00 B, threshold=?
2021-08-23 17:35:26.954+0000 INFO [o.n.i.d.DiagnosticsManager] Memory Pool: G1 Survivor Space (Heap memory): committed=5.00 MB, used=5.00 MB, max=-1.00 B, threshold=?
2021-08-23 17:35:26.954+0000 INFO [o.n.i.d.DiagnosticsManager] Memory Pool: G1 Old Gen (Heap memory): committed=48.00 MB, used=12.50 MB, max=2.00 GB, threshold=0.00 B
2021-08-23 17:35:26.954+0000 INFO [o.n.i.d.DiagnosticsManager] Operating system information:
2021-08-23 17:35:26.954+0000 INFO [o.n.i.d.DiagnosticsManager] Operating System: Windows 10; version: 10.0; arch: amd64; cpus: 4
2021-08-23 17:35:26.965+0000 INFO [o.n.i.d.DiagnosticsManager] Process id: 3856@DESKTOP-KHFQ844
2021-08-23 17:35:26.965+0000 INFO [o.n.i.d.DiagnosticsManager] Byte order: LITTLE_ENDIAN
2021-08-23 17:35:26.965+0000 INFO [o.n.i.d.DiagnosticsManager] Local timezone: Europe/Berlin
2021-08-23 17:35:26.965+0000 INFO [o.n.i.d.DiagnosticsManager] JVM information:
2021-08-23 17:35:26.965+0000 INFO [o.n.i.d.DiagnosticsManager] VM Name: Java HotSpot(TM) 64-Bit Server VM
2021-08-23 17:35:26.965+0000 INFO [o.n.i.d.DiagnosticsManager] VM Vendor: Oracle Corporation
2021-08-23 17:35:26.965+0000 INFO [o.n.i.d.DiagnosticsManager] VM Version: 25.211-b12
2021-08-23 17:35:26.965+0000 INFO [o.n.i.d.DiagnosticsManager] JIT compiler: HotSpot 64-Bit Tiered Compilers
2021-08-23 17:35:26.965+0000 INFO [o.n.i.d.DiagnosticsManager] VM Arguments: [-XX:+UnlockExperimentalVMOptions, -Djdk.tls.rejectClientInitiatedRenegotiation=true, -XX:+UseG1GC, -XX:+TrustFinalNonStaticFields, -Dneo4j.ext.udc.source=zip-powershell, -XX:+AlwaysPreTouch, -Djdk.tls.ephemeralDHKeySize=2048, -Dorg.neo4j.cluster.logdirectory=data/log, -XX:-OmitStackTraceInFastThrow, -XX:+DisableExplicitGC, -Dunsupported.dbms.udc.source=zip, -Dlog4j.configuration=file:conf/log4j.properties, -Dfile.encoding=UTF-8, exit]
2021-08-23 17:35:26.965+0000 INFO [o.n.i.d.DiagnosticsManager] Java classpath:
2021-08-23 17:35:26.965+0000 INFO [o.n.i.d.DiagnosticsManager]  [classpath + loader.0] file:/C:/Tools/neo4j-community/neo4j-community-3.5.1/lib/neo4j-3.5.1.jar
2021-08-23 17:35:26.965+0000 INFO [o.n.i.d.DiagnosticsManager]  [classpath + loader.0] file:/C:/Tools/neo4j-community/neo4j-community-3.5.1/lib/neo4j-consistency-check-3.5.1.jar
2021-08-23 17:35:26.965+0000 INFO [o.n.i.d.DiagnosticsManager]  [classpath + loader.0] file:/C:/Tools/neo4j-community/neo4j-community-3.5.1/lib/scala-library-2.11.12.jar
2021-08-23 17:35:26.965+0000 INFO [o.n.i.d.DiagnosticsManager]  [loader.1] file:/C:/Program%20Files/Java/jdk1.8.0_211/jre/lib/ext/sunmscapi.jar
2021-08-23 17:35:26.965+0000 INFO [o.n.i.d.DiagnosticsManager]  [classpath + loader.0] file:/C:/Tools/neo4j-community/neo4j-community-3.5.1/lib/jaxb-runtime-2.3.0.1.jar
2021-08-23 17:35:26.965+0000 INFO [o.n.i.d.DiagnosticsManager]  [classpath + loader.0] file:/C:/Tools/neo4j-community/neo4j-community-3.5.1/lib/jetty-xml-9.4.11.v20180605.jar
2021-08-23 17:35:26.965+0000 INFO [o.n.i.d.DiagnosticsManager]  [classpath + loader.0] file:/C:/Tools/neo4j-community/neo4j-community-3.5.1/lib/eclipse-collections-api-9.2.0.jar
2021-08-23 17:35:26.965+0000 INFO [o.n.i.d.DiagnosticsManager]  [classpath + loader.0] file:/C:/Tools/neo4j-community/neo4j-community-3.5.1/lib/neo4j-cypher-runtime-util-3.5.1.jar
2021-08-23 17:35:26.965+0000 INFO [o.n.i.d.DiagnosticsManager]  [classpath + loader.0] file:/C:/Tools/neo4j-community/neo4j-community-3.5.1/lib/commons-configuration-1.10.jar
2021-08-23 17:35:26.965+0000 INFO [o.n.i.d.DiagnosticsManager]  [bootstrap] C:\Program Files\Java\jdk1.8.0_211\jre\lib\resources.jar
2021-08-23 17:35:26.965+0000 INFO [o.n.i.d.DiagnosticsManager]  [classpath + loader.0] file:/C:/Tools/neo4j-community/neo4j-community-3.5.1/lib/neo4j-index-3.5.1.jar
2021-08-23 17:35:26.965+0000 INFO [o.n.i.d.DiagnosticsManager]  [loader.1] file:/C:/Program%20Files/Java/jdk1.8.0_211/jre/lib/ext/jaccess.jar
2021-08-23 17:35:26.965+0000 INFO [o.n.i.d.DiagnosticsManager]  [classpath + loader.0] file:/C:/Tools/neo4j-community/neo4j-community-3.5.1/lib/neo4j-logging-3.5.1.jar
2021-08-23 17:35:26.965+0000 INFO [o.n.i.d.DiagnosticsManager]  [classpath + loader.0] file:/C:/Tools/neo4j-community/neo4j-community-3.5.1/lib/eclipse-collections-9.2.0.jar
2021-08-23 17:35:26.965+0000 INFO [o.n.i.d.DiagnosticsManager]  [classpath + loader.0] file:/C:/Tools/neo4j-community/neo4j-community-3.5.1/lib/jaxb-api-2.3.0.jar
2021-08-23 17:35:26.965+0000 INFO [o.n.i.d.DiagnosticsManager]  [classpath + loader.0] file:/C:/Tools/neo4j-community/neo4j-community-3.5.1/lib/neo4j-values-3.5.1.jar
2021-08-23 17:35:26.965+0000 INFO [o.n.i.d.DiagnosticsManager]  [loader.1] file:/C:/Program%20Files/Java/jdk1.8.0_211/jre/lib/ext/sunec.jar
2021-08-23 17:35:26.965+0000 INFO [o.n.i.d.DiagnosticsManager]  [classpath + loader.0] file:/C:/Tools/neo4j-community/neo4j-community-3.5.1/lib/lucene-queryparser-5.5.5.jar
2021-08-23 17:35:26.965+0000 INFO [o.n.i.d.DiagnosticsManager]  [classpath + loader.0] file:/C:/Tools/neo4j-community/neo4j-community-3.5.1/lib/neo4j-ast-3.5-3.5.1.jar
2021-08-23 17:35:26.965+0000 INFO [o.n.i.d.DiagnosticsManager]  [classpath + loader.0] file:/C:/Tools/neo4j-community/neo4j-community-3.5.1/lib/WMI4Java-1.6.1.jar
2021-08-23 17:35:26.965+0000 INFO [o.n.i.d.DiagnosticsManager]  [loader.1] file:/C:/Program%20Files/Java/jdk1.8.0_211/jre/lib/ext/zipfs.jar
2021-08-23 17:35:26.965+0000 INFO [o.n.i.d.DiagnosticsManager]  [classpath + loader.0] file:/C:/Tools/neo4j-community/neo4j-community-3.5.1/lib/commons-text-1.4.jar
2021-08-23 17:35:26.965+0000 INFO [o.n.i.d.DiagnosticsManager]  [classpath + loader.0] file:/C:/Tools/neo4j-community/neo4j-community-3.5.1/lib/neo4j-cypher-util-3.4-3.4.10.jar
2021-08-23 17:35:26.965+0000 INFO [o.n.i.d.DiagnosticsManager]  [classpath + loader.0] file:/C:/Tools/neo4j-community/neo4j-community-3.5.1/lib/jetty-util-9.4.11.v20180605.jar
2021-08-23 17:35:26.965+0000 INFO [o.n.i.d.DiagnosticsManager]  [classpath + loader.0] file:/C:/Tools/neo4j-community/neo4j-community-3.5.1/lib/neo4j-cypher-3.5.1.jar
2021-08-23 17:35:26.965+0000 INFO [o.n.i.d.DiagnosticsManager]  [classpath + loader.0] file:/C:/Tools/neo4j-community/neo4j-community-3.5.1/lib/netty-all-4.1.30.Final.jar
2021-08-23 17:35:26.965+0000 INFO [o.n.i.d.DiagnosticsManager]  [classpath + loader.0] file:/C:/Tools/neo4j-community/neo4j-community-3.5.1/lib/lucene-analyzers-common-5.5.5.jar
2021-08-23 17:35:26.965+0000 INFO [o.n.i.d.DiagnosticsManager]  [classpath + loader.0] file:/C:/Tools/neo4j-community/neo4j-community-3.5.1/lib/neo4j-spatial-index-3.5.1.jar
2021-08-23 17:35:26.965+0000 INFO [o.n.i.d.DiagnosticsManager]  [classpath + loader.0] file:/C:/Tools/neo4j-community/neo4j-community-3.5.1/lib/FastInfoset-1.2.13.jar
2021-08-23 17:35:26.965+0000 INFO [o.n.i.d.DiagnosticsManager]  [classpath + loader.0] file:/C:/Tools/neo4j-community/neo4j-community-3.5.1/lib/neo4j-data-collector-3.5.1.jar
2021-08-23 17:35:26.965+0000 INFO [o.n.i.d.DiagnosticsManager]  [classpath + loader.0] file:/C:/Tools/neo4j-community/neo4j-community-3.5.1/lib/neo4j-cypher-frontend-3.1-3.1.9.jar
2021-08-23 17:35:26.965+0000 INFO [o.n.i.d.DiagnosticsManager]  [classpath + loader.0] file:/C:/Tools/neo4j-community/neo4j-community-3.5.1/lib/neo4j-command-line-3.5.1.jar
2021-08-23 17:35:26.965+0000 INFO [o.n.i.d.DiagnosticsManager]  [bootstrap] C:\Program Files\Java\jdk1.8.0_211\jre\lib\jsse.jar
2021-08-23 17:35:26.965+0000 INFO [o.n.i.d.DiagnosticsManager]  [classpath + loader.0] file:/C:/Tools/neo4j-community/neo4j-community-3.5.1/lib/neo4j-kernel-3.5.1.jar
2021-08-23 17:35:26.965+0000 INFO [o.n.i.d.DiagnosticsManager]  [classpath + loader.0] file:/C:/Tools/neo4j-community/neo4j-community-3.5.1/lib/neo4j-kernel-api-3.5.1.jar
2021-08-23 17:35:26.965+0000 INFO [o.n.i.d.DiagnosticsManager]  [bootstrap] C:\Program Files\Java\jdk1.8.0_211\jre\lib\jce.jar
2021-08-23 17:35:26.965+0000 INFO [o.n.i.d.DiagnosticsManager]  [loader.1] file:/C:/Program%20Files/Java/jdk1.8.0_211/jre/lib/ext/dnsns.jar
2021-08-23 17:35:26.965+0000 INFO [o.n.i.d.DiagnosticsManager]  [classpath + loader.0] file:/C:/Tools/neo4j-community/neo4j-community-3.5.1/lib/neo4j-front-end-3.5-3.5.1.jar
2021-08-23 17:35:26.965+0000 INFO [o.n.i.d.DiagnosticsManager]  [classpath + loader.0] file:/C:/Tools/neo4j-community/neo4j-community-3.5.1/lib/jsr311-api-1.1.2.r612.jar
2021-08-23 17:35:26.965+0000 INFO [o.n.i.d.DiagnosticsManager]  [classpath + loader.0] file:/C:/Tools/neo4j-community/neo4j-community-3.5.1/lib/commons-lang3-3.8.jar
2021-08-23 17:35:26.965+0000 INFO [o.n.i.d.DiagnosticsManager]  [classpath + loader.0] file:/C:/Tools/neo4j-community/neo4j-community-3.5.1/lib/stax-ex-1.7.8.jar
2021-08-23 17:35:26.965+0000 INFO [o.n.i.d.DiagnosticsManager]  [classpath + loader.0] file:/C:/Tools/neo4j-community/neo4j-community-3.5.1/lib/openCypher-frontend-1-3.4.10.jar
2021-08-23 17:35:26.965+0000 INFO [o.n.i.d.DiagnosticsManager]  [classpath + loader.0] file:/C:/Tools/neo4j-community/neo4j-community-3.5.1/lib/neo4j-cypher-planner-3.5-3.5.1.jar
2021-08-23 17:35:26.965+0000 INFO [o.n.i.d.DiagnosticsManager]  [classpath + loader.0] file:/C:/Tools/neo4j-community/neo4j-community-3.5.1/lib/jersey-server-1.19.3.jar
2021-08-23 17:35:26.965+0000 INFO [o.n.i.d.DiagnosticsManager]  [classpath + loader.0] file:/C:/Tools/neo4j-community/neo4j-community-3.5.1/lib/bcpkix-jdk15on-1.60.jar
2021-08-23 17:35:26.965+0000 INFO [o.n.i.d.DiagnosticsManager]  [classpath + loader.0] file:/C:/Tools/neo4j-community/neo4j-community-3.5.1/lib/neo4j-browser-3.2.15.jar
2021-08-23 17:35:26.965+0000 INFO [o.n.i.d.DiagnosticsManager]  [classpath + loader.0] file:/C:/Tools/neo4j-community/neo4j-community-3.5.1/lib/jetty-servlet-9.4.11.v20180605.jar
2021-08-23 17:35:26.965+0000 INFO [o.n.i.d.DiagnosticsManager]  [classpath + loader.0] file:/C:/Tools/neo4j-community/neo4j-community-3.5.1/lib/txw2-2.3.0.1.jar
2021-08-23 17:35:26.965+0000 INFO [o.n.i.d.DiagnosticsManager]  [classpath + loader.0] file:/C:/Tools/neo4j-community/neo4j-community-3.5.1/lib/jetty-security-9.4.11.v20180605.jar
2021-08-23 17:35:26.965+0000 INFO [o.n.i.d.DiagnosticsManager]  [classpath + loader.0] file:/C:/Tools/neo4j-community/neo4j-community-3.5.1/lib/jProcesses-1.6.4.jar
2021-08-23 17:35:26.965+0000 INFO [o.n.i.d.DiagnosticsManager]  [classpath + loader.0] file:/C:/Tools/neo4j-community/neo4j-community-3.5.1/lib/commons-logging-1.1.1.jar
2021-08-23 17:35:26.965+0000 INFO [o.n.i.d.DiagnosticsManager]  [classpath + loader.0] file:/C:/Tools/neo4j-community/neo4j-community-3.5.1/lib/jackson-mapper-asl-1.9.13.jar
2021-08-23 17:35:26.965+0000 INFO [o.n.i.d.DiagnosticsManager]  [loader.1] file:/C:/Program%20Files/Java/jdk1.8.0_211/jre/lib/ext/access-bridge-64.jar
2021-08-23 17:35:26.965+0000 INFO [o.n.i.d.DiagnosticsManager]  [bootstrap] C:\Program Files\Java\jdk1.8.0_211\jre\lib\sunrsasign.jar
2021-08-23 17:35:26.965+0000 INFO [o.n.i.d.DiagnosticsManager]  [classpath + loader.0] file:/C:/Tools/neo4j-community/neo4j-community-3.5.1/lib/neo4j-cypher-compiler-2.3-2.3.12.jar
2021-08-23 17:35:26.965+0000 INFO [o.n.i.d.DiagnosticsManager]  [classpath + loader.0] file:/C:/Tools/neo4j-community/neo4j-community-3.5.1/lib/jersey-core-1.19.3.jar
2021-08-23 17:35:26.965+0000 INFO [o.n.i.d.DiagnosticsManager]  [classpath + loader.0] file:/C:/Tools/neo4j-community/neo4j-community-3.5.1/lib/opencsv-2.3.jar
2021-08-23 17:35:26.965+0000 INFO [o.n.i.d.DiagnosticsManager]  [classpath + loader.0] file:/C:/Tools/neo4j-community/neo4j-community-3.5.1/lib/neo4j-cypher-interpreted-runtime-3.5.1.jar
2021-08-23 17:35:26.965+0000 INFO [o.n.i.d.DiagnosticsManager]  [classpath + loader.0] file:/C:/Tools/neo4j-community/neo4j-community-3.5.1/lib/neo4j-rewriting-3.5-3.5.1.jar
2021-08-23 17:35:26.965+0000 INFO [o.n.i.d.DiagnosticsManager]  [classpath + loader.0] file:/C:/Tools/neo4j-community/neo4j-community-3.5.1/lib/neo4j-cypher-logical-plans-3.5-3.5.1.jar
2021-08-23 17:35:26.965+0000 INFO [o.n.i.d.DiagnosticsManager]  [classpath + loader.0] file:/C:/Tools/neo4j-community/neo4j-community-3.5.1/lib/neo4j-graphdb-api-3.5.1.jar
2021-08-23 17:35:26.965+0000 INFO [o.n.i.d.DiagnosticsManager]  [classpath + loader.0] file:/C:/Tools/neo4j-community/neo4j-community-3.5.1/lib/neo4j-lucene-upgrade-3.5.1.jar
2021-08-23 17:35:26.965+0000 INFO [o.n.i.d.DiagnosticsManager]  [classpath + loader.0] file:/C:/Tools/neo4j-community/neo4j-community-3.5.1/lib/lucene-core-5.5.5.jar
2021-08-23 17:35:26.965+0000 INFO [o.n.i.d.DiagnosticsManager]  [classpath + loader.0] file:/C:/Tools/neo4j-community/neo4j-community-3.5.1/lib/jackson-jaxrs-1.9.13.jar
2021-08-23 17:35:26.965+0000 INFO [o.n.i.d.DiagnosticsManager]  [classpath + loader.0] file:/C:/Tools/neo4j-community/neo4j-community-3.5.1/lib/jetty-webapp-9.4.11.v20180605.jar
2021-08-23 17:35:26.965+0000 INFO [o.n.i.d.DiagnosticsManager]  [classpath + loader.0] file:/C:/Tools/neo4j-community/neo4j-community-3.5.1/lib/commons-lang-2.6.jar
2021-08-23 17:35:26.965+0000 INFO [o.n.i.d.DiagnosticsManager]  [classpath + loader.0] file:/C:/Tools/neo4j-community/neo4j-community-3.5.1/lib/neo4j-cypher-compiler-3.1-3.1.9.jar
2021-08-23 17:35:26.965+0000 INFO [o.n.i.d.DiagnosticsManager]  [loader.1] file:/C:/Program%20Files/Java/jdk1.8.0_211/jre/lib/ext/cldrdata.jar
2021-08-23 17:35:26.965+0000 INFO [o.n.i.d.DiagnosticsManager]  [classpath + loader.0] file:/C:/Tools/neo4j-community/neo4j-community-3.5.1/lib/neo4j-cypher-ir-3.4-3.4.10.jar
2021-08-23 17:35:26.965+0000 INFO [o.n.i.d.DiagnosticsManager]  [classpath + loader.0] file:/C:/Tools/neo4j-community/neo4j-community-3.5.1/lib/parboiled-core-1.1.7.jar
2021-08-23 17:35:26.965+0000 INFO [o.n.i.d.DiagnosticsManager]  [classpath + loader.0] file:/C:/Tools/neo4j-community/neo4j-community-3.5.1/lib/jaxb-core-2.3.0.1.jar
2021-08-23 17:35:26.965+0000 INFO [o.n.i.d.DiagnosticsManager]  [classpath + loader.0] file:/C:/Tools/neo4j-community/neo4j-community-3.5.1/lib/neo4j-fulltext-index-3.5.1.jar
2021-08-23 17:35:26.965+0000 INFO [o.n.i.d.DiagnosticsManager]  [classpath + loader.0] file:/C:/Tools/neo4j-community/neo4j-community-3.5.1/lib/neo4j-diagnostics-3.5.1.jar
2021-08-23 17:35:26.965+0000 INFO [o.n.i.d.DiagnosticsManager]  [bootstrap] C:\Program Files\Java\jdk1.8.0_211\jre\lib\jfr.jar
2021-08-23 17:35:26.965+0000 INFO [o.n.i.d.DiagnosticsManager]  [loader.1] file:/C:/Program%20Files/Java/jdk1.8.0_211/jre/lib/ext/nashorn.jar
2021-08-23 17:35:26.965+0000 INFO [o.n.i.d.DiagnosticsManager]  [classpath + loader.0] file:/C:/Tools/neo4j-community/neo4j-community-3.5.1/lib/neo4j-concurrent-3.5.1.jar
2021-08-23 17:35:26.965+0000 INFO [o.n.i.d.DiagnosticsManager]  [classpath + loader.0] file:/C:/Tools/neo4j-community/neo4j-community-3.5.1/lib/concurrentlinkedhashmap-lru-1.4.2.jar
2021-08-23 17:35:26.965+0000 INFO [o.n.i.d.DiagnosticsManager]  [classpath + loader.0] file:/C:/Tools/neo4j-community/neo4j-community-3.5.1/lib/neo4j-cypher-ir-3.5-3.5.1.jar
2021-08-23 17:35:26.965+0000 INFO [o.n.i.d.DiagnosticsManager]  [classpath + loader.0] file:/C:/Tools/neo4j-community/neo4j-community-3.5.1/lib/neo4j-collections-3.5.1.jar
2021-08-23 17:35:26.965+0000 INFO [o.n.i.d.DiagnosticsManager]  [bootstrap] C:\Program Files\Java\jdk1.8.0_211\jre\classes
2021-08-23 17:35:26.965+0000 INFO [o.n.i.d.DiagnosticsManager]  [classpath + loader.0] file:/C:/Tools/neo4j-community/neo4j-community-3.5.1/lib/neo4j-parser-3.5-3.5.1.jar
2021-08-23 17:35:26.965+0000 INFO [o.n.i.d.DiagnosticsManager]  [classpath + loader.0] file:/C:/Tools/neo4j-community/neo4j-community-3.5.1/lib/caffeine-2.6.2.jar
2021-08-23 17:35:26.965+0000 INFO [o.n.i.d.DiagnosticsManager]  [classpath + loader.0] file:/C:/Tools/neo4j-community/neo4j-community-3.5.1/lib/neo4j-cypher-logical-plans-3.4-3.4.10.jar
2021-08-23 17:35:26.965+0000 INFO [o.n.i.d.DiagnosticsManager]  [classpath + loader.0] file:/C:/Tools/neo4j-community/neo4j-community-3.5.1/lib/istack-commons-runtime-3.0.5.jar
2021-08-23 17:35:26.965+0000 INFO [o.n.i.d.DiagnosticsManager]  [classpath + loader.0] file:/C:/Tools/neo4j-community/neo4j-community-3.5.1/lib/server-api-3.5.1.jar
2021-08-23 17:35:26.965+0000 INFO [o.n.i.d.DiagnosticsManager]  [classpath + loader.0] file:/C:/Tools/neo4j-community/neo4j-community-3.5.1/lib/neo4j-io-3.5.1.jar
2021-08-23 17:35:26.965+0000 INFO [o.n.i.d.DiagnosticsManager]  [classpath + loader.0] file:/C:/Tools/neo4j-community/neo4j-community-3.5.1/lib/neo4j-server-3.5.1.jar
2021-08-23 17:35:26.979+0000 INFO [o.n.i.d.DiagnosticsManager]  [classpath + loader.0] file:/C:/Tools/neo4j-community/neo4j-community-3.5.1/lib/neo4j-cypher-frontend-2.3-2.3.12.jar
2021-08-23 17:35:26.979+0000 INFO [o.n.i.d.DiagnosticsManager]  [classpath + loader.0] file:/C:/Tools/neo4j-community/neo4j-community-3.5.1/lib/bcprov-jdk15on-1.60.jar
2021-08-23 17:35:26.979+0000 INFO [o.n.i.d.DiagnosticsManager]  [classpath + loader.0] file:/C:/Tools/neo4j-community/neo4j-community-3.5.1/lib/jackson-core-asl-1.9.13.jar
2021-08-23 17:35:26.979+0000 INFO [o.n.i.d.DiagnosticsManager]  [classpath + loader.0] file:/C:/Tools/neo4j-community/neo4j-community-3.5.1/lib/neo4j-graph-matching-3.1.9.jar
2021-08-23 17:35:26.979+0000 INFO [o.n.i.d.DiagnosticsManager]  [classpath + loader.0] file:/C:/Tools/neo4j-community/neo4j-community-3.5.1/lib/neo4j-ssl-3.5.1.jar
2021-08-23 17:35:26.979+0000 INFO [o.n.i.d.DiagnosticsManager]  [loader.0] file:/C:/Tools/neo4j-community/neo4j-community-3.5.1/
2021-08-23 17:35:26.979+0000 INFO [o.n.i.d.DiagnosticsManager]  [classpath + loader.0] file:/C:/Tools/neo4j-community/neo4j-community-3.5.1/lib/jPowerShell-1.9.jar
2021-08-23 17:35:26.979+0000 INFO [o.n.i.d.DiagnosticsManager]  [classpath + loader.0] file:/C:/Tools/neo4j-community/neo4j-community-3.5.1/lib/jetty-http-9.4.11.v20180605.jar
2021-08-23 17:35:26.979+0000 INFO [o.n.i.d.DiagnosticsManager]  [classpath + loader.0] file:/C:/Tools/neo4j-community/neo4j-community-3.5.1/lib/neo4j-security-3.5.1.jar
2021-08-23 17:35:26.979+0000 INFO [o.n.i.d.DiagnosticsManager]  [classpath + loader.0] file:/C:/Tools/neo4j-community/neo4j-community-3.5.1/lib/neo4j-cypher-expression-3.4-3.4.10.jar
2021-08-23 17:35:26.979+0000 INFO [o.n.i.d.DiagnosticsManager]  [classpath + loader.0] file:/C:/Tools/neo4j-community/neo4j-community-3.5.1/lib/neo4j-cypher-planner-spi-3.5-3.5.1.jar
2021-08-23 17:35:26.979+0000 INFO [o.n.i.d.DiagnosticsManager]  [classpath + loader.0] file:/C:/Tools/neo4j-community/neo4j-community-3.5.1/lib/neo4j-util-3.5-3.5.1.jar
2021-08-23 17:35:26.979+0000 INFO [o.n.i.d.DiagnosticsManager]  [classpath + loader.0] file:/C:/Tools/neo4j-community/neo4j-community-3.5.1/lib/parboiled-scala_2.11-1.1.7.jar
2021-08-23 17:35:26.979+0000 INFO [o.n.i.d.DiagnosticsManager]  [loader.1] file:/C:/Program%20Files/Java/jdk1.8.0_211/jre/lib/ext/sunpkcs11.jar
2021-08-23 17:35:26.979+0000 INFO [o.n.i.d.DiagnosticsManager]  [bootstrap] C:\Program Files\Java\jdk1.8.0_211\jre\lib\rt.jar
2021-08-23 17:35:26.979+0000 INFO [o.n.i.d.DiagnosticsManager]  [classpath + loader.0] file:/C:/Tools/neo4j-community/neo4j-community-3.5.1/lib/neo4j-codegen-3.5.1.jar
2021-08-23 17:35:26.979+0000 INFO [o.n.i.d.DiagnosticsManager]  [classpath + loader.0] file:/C:/Tools/neo4j-community/neo4j-community-3.5.1/lib/neo4j-dbms-3.5.1.jar
2021-08-23 17:35:26.979+0000 INFO [o.n.i.d.DiagnosticsManager]  [loader.1] file:/C:/Program%20Files/Java/jdk1.8.0_211/jre/lib/ext/sunjce_provider.jar
2021-08-23 17:35:26.979+0000 INFO [o.n.i.d.DiagnosticsManager]  [classpath + loader.0] file:/C:/Tools/neo4j-community/neo4j-community-3.5.1/lib/neo4j-lucene-index-3.5.1.jar
2021-08-23 17:35:26.979+0000 INFO [o.n.i.d.DiagnosticsManager]  [bootstrap] C:\Program Files\Java\jdk1.8.0_211\jre\lib\charsets.jar
2021-08-23 17:35:26.979+0000 INFO [o.n.i.d.DiagnosticsManager]  [classpath + loader.0] file:/C:/Tools/neo4j-community/neo4j-community-3.5.1/lib/jetty-io-9.4.11.v20180605.jar
2021-08-23 17:35:26.979+0000 INFO [o.n.i.d.DiagnosticsManager]  [classpath + loader.0] file:/C:/Tools/neo4j-community/neo4j-community-3.5.1/lib/neo4j-graph-algo-3.5.1.jar
2021-08-23 17:35:26.979+0000 INFO [o.n.i.d.DiagnosticsManager]  [classpath + loader.0] file:/C:/Tools/neo4j-community/neo4j-community-3.5.1/lib/neo4j-common-3.5.1.jar
2021-08-23 17:35:26.979+0000 INFO [o.n.i.d.DiagnosticsManager]  [classpath + loader.0] file:/C:/Tools/neo4j-community/neo4j-community-3.5.1/lib/neo4j-cypher-planner-3.4-3.4.10.jar
2021-08-23 17:35:26.979+0000 INFO [o.n.i.d.DiagnosticsManager]  [classpath + loader.0] file:/C:/Tools/neo4j-community/neo4j-community-3.5.1/lib/neo4j-cypher-planner-spi-3.4-3.4.10.jar
2021-08-23 17:35:26.979+0000 INFO [o.n.i.d.DiagnosticsManager]  [classpath + loader.0] file:/C:/Tools/neo4j-community/neo4j-community-3.5.1/lib/scala-reflect-2.11.12.jar
2021-08-23 17:35:26.979+0000 INFO [o.n.i.d.DiagnosticsManager]  [classpath + loader.0] file:/C:/Tools/neo4j-community/neo4j-community-3.5.1/lib/activation-1.1.1.jar
2021-08-23 17:35:26.979+0000 INFO [o.n.i.d.DiagnosticsManager]  [classpath + loader.0] file:/C:/Tools/neo4j-community/neo4j-community-3.5.1/lib/commons-compress-1.18.jar
2021-08-23 17:35:26.979+0000 INFO [o.n.i.d.DiagnosticsManager]  [classpath + loader.0] file:/C:/Tools/neo4j-community/neo4j-community-3.5.1/lib/neo4j-expressions-3.5-3.5.1.jar
2021-08-23 17:35:26.979+0000 INFO [o.n.i.d.DiagnosticsManager]  [classpath + loader.0] file:/C:/Tools/neo4j-community/neo4j-community-3.5.1/lib/neo4j-import-tool-3.5.1.jar
2021-08-23 17:35:26.979+0000 INFO [o.n.i.d.DiagnosticsManager]  [classpath + loader.0] file:/C:/Tools/neo4j-community/neo4j-community-3.5.1/lib/neo4j-procedure-api-3.5.1.jar
2021-08-23 17:35:26.979+0000 INFO [o.n.i.d.DiagnosticsManager]  [classpath + loader.0] file:/C:/Tools/neo4j-community/neo4j-community-3.5.1/lib/neo4j-jmx-3.5.1.jar
2021-08-23 17:35:26.979+0000 INFO [o.n.i.d.DiagnosticsManager]  [classpath + loader.0] file:/C:/Tools/neo4j-community/neo4j-community-3.5.1/lib/jetty-server-9.4.11.v20180605.jar
2021-08-23 17:35:26.979+0000 INFO [o.n.i.d.DiagnosticsManager]  [classpath + loader.0] file:/C:/Tools/neo4j-community/neo4j-community-3.5.1/lib/neo4j-bolt-3.5.1.jar
2021-08-23 17:35:26.979+0000 INFO [o.n.i.d.DiagnosticsManager]  [classpath + loader.0] file:/C:/Tools/neo4j-community/neo4j-community-3.5.1/lib/commons-io-2.6.jar
2021-08-23 17:35:26.979+0000 INFO [o.n.i.d.DiagnosticsManager]  [classpath + loader.0] file:/C:/Tools/neo4j-community/neo4j-community-3.5.1/lib/neo4j-legacy-3.5.1.jar
2021-08-23 17:35:26.979+0000 INFO [o.n.i.d.DiagnosticsManager]  [classpath + loader.0] file:/C:/Tools/neo4j-community/neo4j-community-3.5.1/lib/neo4j-resource-3.5.1.jar
2021-08-23 17:35:26.979+0000 INFO [o.n.i.d.DiagnosticsManager]  [classpath + loader.0] file:/C:/Tools/neo4j-community/neo4j-community-3.5.1/lib/javax.servlet-api-3.1.0.jar
2021-08-23 17:35:26.979+0000 INFO [o.n.i.d.DiagnosticsManager]  [loader.1] file:/C:/Program%20Files/Java/jdk1.8.0_211/jre/lib/ext/localedata.jar
2021-08-23 17:35:26.979+0000 INFO [o.n.i.d.DiagnosticsManager]  [classpath + loader.0] file:/C:/Tools/neo4j-community/neo4j-community-3.5.1/lib/neo4j-udc-3.5.1.jar
2021-08-23 17:35:26.979+0000 INFO [o.n.i.d.DiagnosticsManager]  [classpath + loader.0] file:/C:/Tools/neo4j-community/neo4j-community-3.5.1/lib/jersey-servlet-1.19.3.jar
2021-08-23 17:35:26.979+0000 INFO [o.n.i.d.DiagnosticsManager]  [loader.1] file:/C:/Program%20Files/Java/jdk1.8.0_211/jre/lib/ext/jfxrt.jar
2021-08-23 17:35:26.979+0000 INFO [o.n.i.d.DiagnosticsManager]  [classpath + loader.0] file:/C:/Tools/neo4j-community/neo4j-community-3.5.1/lib/lucene-codecs-5.5.5.jar
2021-08-23 17:35:26.979+0000 INFO [o.n.i.d.DiagnosticsManager]  [classpath + loader.0] file:/C:/Tools/neo4j-community/neo4j-community-3.5.1/lib/neo4j-csv-3.5.1.jar
2021-08-23 17:35:26.979+0000 INFO [o.n.i.d.DiagnosticsManager]  [classpath + loader.0] file:/C:/Tools/neo4j-community/neo4j-community-3.5.1/lib/neo4j-unsafe-3.5.1.jar
2021-08-23 17:35:26.979+0000 INFO [o.n.i.d.DiagnosticsManager]  [classpath + loader.0] file:/C:/Tools/neo4j-community/neo4j-community-3.5.1/lib/neo4j-configuration-3.5.1.jar
2021-08-23 17:35:26.979+0000 INFO [o.n.i.d.DiagnosticsManager] Library path:
2021-08-23 17:35:26.979+0000 INFO [o.n.i.d.DiagnosticsManager] C:\Tools\neo4j-community\neo4j-community-3.5.1\bin\tools
2021-08-23 17:35:26.979+0000 INFO [o.n.i.d.DiagnosticsManager] C:\Windows\Sun\Java\bin
2021-08-23 17:35:26.979+0000 INFO [o.n.i.d.DiagnosticsManager] C:\Windows\System32
2021-08-23 17:35:26.979+0000 INFO [o.n.i.d.DiagnosticsManager] C:\Windows
2021-08-23 17:35:26.979+0000 INFO [o.n.i.d.DiagnosticsManager] C:\Tools\ruby30\bin
2021-08-23 17:35:26.979+0000 INFO [o.n.i.d.DiagnosticsManager] C:\Python39\Scripts
2021-08-23 17:35:26.979+0000 INFO [o.n.i.d.DiagnosticsManager] C:\Python39
2021-08-23 17:35:26.979+0000 INFO [o.n.i.d.DiagnosticsManager] C:\Python27
2021-08-23 17:35:26.979+0000 INFO [o.n.i.d.DiagnosticsManager] C:\Python27\Scripts
2021-08-23 17:35:26.979+0000 INFO [o.n.i.d.DiagnosticsManager] C:\Program Files (x86)\Common Files\Oracle\Java\javapath
2021-08-23 17:35:26.979+0000 INFO [o.n.i.d.DiagnosticsManager] C:\ProgramData\Boxstarter
2021-08-23 17:35:26.979+0000 INFO [o.n.i.d.DiagnosticsManager] C:\Windows\System32
2021-08-23 17:35:26.979+0000 INFO [o.n.i.d.DiagnosticsManager] C:\Windows
2021-08-23 17:35:26.979+0000 INFO [o.n.i.d.DiagnosticsManager] C:\Windows\System32\wbem
2021-08-23 17:35:26.979+0000 INFO [o.n.i.d.DiagnosticsManager] C:\Windows\System32\WindowsPowerShell\v1.0
2021-08-23 17:35:26.979+0000 INFO [o.n.i.d.DiagnosticsManager] C:\Windows\System32\OpenSSH
2021-08-23 17:35:26.979+0000 INFO [o.n.i.d.DiagnosticsManager] C:\ProgramData\chocolatey\bin
2021-08-23 17:35:26.979+0000 INFO [o.n.i.d.DiagnosticsManager] C:\Program Files\Git\cmd
2021-08-23 17:35:26.979+0000 INFO [o.n.i.d.DiagnosticsManager] C:\Program Files\Microsoft VS Code\bin
2021-08-23 17:35:26.979+0000 INFO [o.n.i.d.DiagnosticsManager] C:\Program Files\Go\bin
2021-08-23 17:35:26.979+0000 INFO [o.n.i.d.DiagnosticsManager] C:\Program Files\TortoiseSVN\bin
2021-08-23 17:35:26.979+0000 INFO [o.n.i.d.DiagnosticsManager] C:\Program Files\Java\jdk1.8.0_211\bin
2021-08-23 17:35:26.979+0000 INFO [o.n.i.d.DiagnosticsManager] C:\Windows\System32\config\systemprofile\AppData\Local\Microsoft\WindowsApps
2021-08-23 17:35:26.979+0000 INFO [o.n.i.d.DiagnosticsManager] C:\Tools\neo4j-community\neo4j-community-3.5.1
2021-08-23 17:35:26.979+0000 INFO [o.n.i.d.DiagnosticsManager] System.properties:
2021-08-23 17:35:26.979+0000 INFO [o.n.i.d.DiagnosticsManager] sun.boot.library.path = C:\Program Files\Java\jdk1.8.0_211\jre\bin
2021-08-23 17:35:26.979+0000 INFO [o.n.i.d.DiagnosticsManager] jdk.tls.rejectClientInitiatedRenegotiation = true
2021-08-23 17:35:26.979+0000 INFO [o.n.i.d.DiagnosticsManager] user.country.format = NL
2021-08-23 17:35:26.979+0000 INFO [o.n.i.d.DiagnosticsManager] path.separator = ;
2021-08-23 17:35:26.979+0000 INFO [o.n.i.d.DiagnosticsManager] file.encoding.pkg = sun.io
2021-08-23 17:35:26.979+0000 INFO [o.n.i.d.DiagnosticsManager] user.country = US
2021-08-23 17:35:26.979+0000 INFO [o.n.i.d.DiagnosticsManager] user.script = 
2021-08-23 17:35:26.979+0000 INFO [o.n.i.d.DiagnosticsManager] sun.os.patch.level = 
2021-08-23 17:35:26.979+0000 INFO [o.n.i.d.DiagnosticsManager] user.dir = C:\Tools\neo4j-community\neo4j-community-3.5.1
2021-08-23 17:35:26.979+0000 INFO [o.n.i.d.DiagnosticsManager] neo4j.ext.udc.source = zip-powershell
2021-08-23 17:35:26.979+0000 INFO [o.n.i.d.DiagnosticsManager] user.variant = 
2021-08-23 17:35:26.979+0000 INFO [o.n.i.d.DiagnosticsManager] log4j.configuration = file:conf/log4j.properties
2021-08-23 17:35:26.979+0000 INFO [o.n.i.d.DiagnosticsManager] sun.jnu.encoding = Cp1252
2021-08-23 17:35:26.979+0000 INFO [o.n.i.d.DiagnosticsManager] unsupported.dbms.udc.source = zip
2021-08-23 17:35:26.979+0000 INFO [o.n.i.d.DiagnosticsManager] sun.management.compiler = HotSpot 64-Bit Tiered Compilers
2021-08-23 17:35:26.979+0000 INFO [o.n.i.d.DiagnosticsManager] user.home = C:\Windows\system32\config\systemprofile
2021-08-23 17:35:26.979+0000 INFO [o.n.i.d.DiagnosticsManager] user.timezone = Europe/Berlin
2021-08-23 17:35:26.979+0000 INFO [o.n.i.d.DiagnosticsManager] file.encoding = UTF-8
2021-08-23 17:35:26.979+0000 INFO [o.n.i.d.DiagnosticsManager] user.name = DESKTOP-KHFQ844$
2021-08-23 17:35:26.979+0000 INFO [o.n.i.d.DiagnosticsManager] org.neo4j.cluster.logdirectory = data/log
2021-08-23 17:35:26.979+0000 INFO [o.n.i.d.DiagnosticsManager] sun.arch.data.model = 64
2021-08-23 17:35:26.979+0000 INFO [o.n.i.d.DiagnosticsManager] user.language = en
2021-08-23 17:35:26.979+0000 INFO [o.n.i.d.DiagnosticsManager] awt.toolkit = sun.awt.windows.WToolkit
2021-08-23 17:35:26.979+0000 INFO [o.n.i.d.DiagnosticsManager] jdk.tls.ephemeralDHKeySize = 2048
2021-08-23 17:35:26.979+0000 INFO [o.n.i.d.DiagnosticsManager] file.separator = \
2021-08-23 17:35:26.979+0000 INFO [o.n.i.d.DiagnosticsManager] sun.io.unicode.encoding = UnicodeLittle
2021-08-23 17:35:26.979+0000 INFO [o.n.i.d.DiagnosticsManager] sun.cpu.endian = little
2021-08-23 17:35:26.979+0000 INFO [o.n.i.d.DiagnosticsManager] sun.desktop = windows
2021-08-23 17:35:26.979+0000 INFO [o.n.i.d.DiagnosticsManager] sun.cpu.isalist = amd64
2021-08-23 17:35:26.979+0000 INFO [o.n.i.d.DiagnosticsManager] (IANA) TimeZone Database Version:
2021-08-23 17:35:27.017+0000 INFO [o.n.i.d.DiagnosticsManager]   TimeZone version: 2018g (available for 599 zone identifiers)
2021-08-23 17:35:27.017+0000 INFO [o.n.i.d.DiagnosticsManager] Network information:
2021-08-23 17:35:27.085+0000 INFO [o.n.i.d.DiagnosticsManager] Interface Software Loopback Interface 1:
2021-08-23 17:35:27.085+0000 INFO [o.n.i.d.DiagnosticsManager]     address: 127.0.0.1
2021-08-23 17:35:27.085+0000 INFO [o.n.i.d.DiagnosticsManager]     address: 0:0:0:0:0:0:0:1
2021-08-23 17:35:27.085+0000 INFO [o.n.i.d.DiagnosticsManager] Interface Microsoft 6to4 Adapter:
2021-08-23 17:35:27.085+0000 INFO [o.n.i.d.DiagnosticsManager] Interface WAN Miniport (SSTP):
2021-08-23 17:35:27.085+0000 INFO [o.n.i.d.DiagnosticsManager] Interface WAN Miniport (IPv6):
2021-08-23 17:35:27.085+0000 INFO [o.n.i.d.DiagnosticsManager] Interface WAN Miniport (PPPOE):
2021-08-23 17:35:27.085+0000 INFO [o.n.i.d.DiagnosticsManager] Interface Microsoft IP-HTTPS Platform Adapter:
2021-08-23 17:35:27.085+0000 INFO [o.n.i.d.DiagnosticsManager] Interface WAN Miniport (IKEv2):
2021-08-23 17:35:27.085+0000 INFO [o.n.i.d.DiagnosticsManager] Interface WAN Miniport (L2TP):
2021-08-23 17:35:27.085+0000 INFO [o.n.i.d.DiagnosticsManager] Interface Microsoft Kernel Debug Network Adapter:
2021-08-23 17:35:27.085+0000 INFO [o.n.i.d.DiagnosticsManager] Interface Npcap Loopback Adapter:
2021-08-23 17:35:27.085+0000 INFO [o.n.i.d.DiagnosticsManager]     address: 169.254.140.115
2021-08-23 17:35:27.085+0000 INFO [o.n.i.d.DiagnosticsManager]     address: fe80:0:0:0:99bd:ff3f:38c9:8c73%eth2
2021-08-23 17:35:27.085+0000 INFO [o.n.i.d.DiagnosticsManager] Interface WAN Miniport (PPTP):
2021-08-23 17:35:27.085+0000 INFO [o.n.i.d.DiagnosticsManager] Interface Intel(R) PRO/1000 MT Desktop Adapter:
2021-08-23 17:35:27.085+0000 INFO [o.n.i.d.DiagnosticsManager]     address: 10.0.2.15
2021-08-23 17:35:27.085+0000 INFO [o.n.i.d.DiagnosticsManager]     address: fe80:0:0:0:b132:2566:5a4f:acc5%eth3
2021-08-23 17:35:27.085+0000 INFO [o.n.i.d.DiagnosticsManager] Interface WAN Miniport (IP):
2021-08-23 17:35:27.085+0000 INFO [o.n.i.d.DiagnosticsManager] Interface Microsoft Teredo Tunneling Adapter:
2021-08-23 17:35:27.085+0000 INFO [o.n.i.d.DiagnosticsManager] Interface WAN Miniport (Network Monitor):
2021-08-23 17:35:27.085+0000 INFO [o.n.i.d.DiagnosticsManager] Interface Intel(R) PRO/1000 MT Desktop Adapter-WFP Native MAC Layer LightWeight Filter-0000:
2021-08-23 17:35:27.085+0000 INFO [o.n.i.d.DiagnosticsManager] Interface Intel(R) PRO/1000 MT Desktop Adapter-Npcap Packet Driver (NPCAP)-0000:
2021-08-23 17:35:27.085+0000 INFO [o.n.i.d.DiagnosticsManager] Interface Intel(R) PRO/1000 MT Desktop Adapter-QoS Packet Scheduler-0000:
2021-08-23 17:35:27.085+0000 INFO [o.n.i.d.DiagnosticsManager] Interface Intel(R) PRO/1000 MT Desktop Adapter-WFP 802.3 MAC Layer LightWeight Filter-0000:
2021-08-23 17:35:27.085+0000 INFO [o.n.i.d.DiagnosticsManager] Interface Npcap Loopback Adapter-WFP Native MAC Layer LightWeight Filter-0000:
2021-08-23 17:35:27.085+0000 INFO [o.n.i.d.DiagnosticsManager] Interface Npcap Loopback Adapter-Npcap Packet Driver (NPCAP)-0000:
2021-08-23 17:35:27.085+0000 INFO [o.n.i.d.DiagnosticsManager] Interface Npcap Loopback Adapter-QoS Packet Scheduler-0000:
2021-08-23 17:35:27.085+0000 INFO [o.n.i.d.DiagnosticsManager] Interface Npcap Loopback Adapter-WFP 802.3 MAC Layer LightWeight Filter-0000:
2021-08-23 17:35:27.085+0000 INFO [o.n.i.d.DiagnosticsManager] Interface WAN Miniport (IP)-WFP Native MAC Layer LightWeight Filter-0000:
2021-08-23 17:35:27.085+0000 INFO [o.n.i.d.DiagnosticsManager] Interface WAN Miniport (IP)-Npcap Packet Driver (NPCAP)-0000:
2021-08-23 17:35:27.085+0000 INFO [o.n.i.d.DiagnosticsManager] Interface WAN Miniport (IP)-QoS Packet Scheduler-0000:
2021-08-23 17:35:27.085+0000 INFO [o.n.i.d.DiagnosticsManager] Interface WAN Miniport (IPv6)-WFP Native MAC Layer LightWeight Filter-0000:
2021-08-23 17:35:27.085+0000 INFO [o.n.i.d.DiagnosticsManager] Interface WAN Miniport (IPv6)-Npcap Packet Driver (NPCAP)-0000:
2021-08-23 17:35:27.085+0000 INFO [o.n.i.d.DiagnosticsManager] Interface WAN Miniport (IPv6)-QoS Packet Scheduler-0000:
2021-08-23 17:35:27.085+0000 INFO [o.n.i.d.DiagnosticsManager] Interface WAN Miniport (Network Monitor)-WFP Native MAC Layer LightWeight Filter-0000:
2021-08-23 17:35:27.099+0000 INFO [o.n.i.d.DiagnosticsManager] Interface WAN Miniport (Network Monitor)-Npcap Packet Driver (NPCAP)-0000:
2021-08-23 17:35:27.099+0000 INFO [o.n.i.d.DiagnosticsManager] Interface WAN Miniport (Network Monitor)-QoS Packet Scheduler-0000:
2021-08-23 17:35:27.099+0000 INFO [o.n.i.d.DiagnosticsManager] --- INITIALIZED diagnostics END ---
2021-08-23 17:35:27.193+0000 INFO [o.n.k.i.s.f.RecordFormatSelector] Selected format 'RecordFormat:StandardV3_4[v0.A.9]' for the new store
2021-08-23 17:35:27.690+0000 INFO [o.n.k.i.i.l.NativeLabelScanStore] No label index found, this might just be first use. Preparing to rebuild.
2021-08-23 17:35:27.717+0000 INFO [o.n.k.NeoStoreDataSource] Rotated to transaction log [C:\Tools\neo4j-community\neo4j-community-3.5.1\data\databases\graph.db\neostore.transaction.db.0] version=0, last transaction in previous log=1
2021-08-23 17:35:27.730+0000 INFO [o.n.k.NeoStoreDataSource] No commits found after last check point (which is at <no log position given>)
2021-08-23 17:35:27.730+0000 WARN [o.n.k.i.s.MetaDataStore] Missing counts store, rebuilding it.
2021-08-23 17:35:27.730+0000 WARN [o.n.k.i.s.MetaDataStore] Counts store rebuild completed.
2021-08-23 17:35:27.745+0000 INFO [o.n.k.i.i.l.NativeLabelScanStore] Rebuilding label index, this may take a while
2021-08-23 17:35:27.758+0000 INFO [o.n.k.i.i.l.NativeLabelScanStore] Label index rebuilt (roughly 0 nodes)
2021-08-23 17:35:27.771+0000 INFO [o.n.i.d.DiagnosticsManager] --- STARTED diagnostics for KernelDiagnostics:Versions START ---
2021-08-23 17:35:27.771+0000 INFO [o.n.i.d.DiagnosticsManager] Graph Database: community single StoreId{creationTime=1629740127355, randomId=808223169425949712, storeVersion=16094931155187206, upgradeTime=1629740127355, upgradeId=1}
2021-08-23 17:35:27.771+0000 INFO [o.n.i.d.DiagnosticsManager] Kernel version: 3.5.1,99c5f48e0ffe808f65689376e043bf44914de2c1
2021-08-23 17:35:27.771+0000 INFO [o.n.i.d.DiagnosticsManager] --- STARTED diagnostics for KernelDiagnostics:Versions END ---
2021-08-23 17:35:27.771+0000 INFO [o.n.i.d.DiagnosticsManager] --- STARTED diagnostics for NEO_STORE_VERSIONS START ---
2021-08-23 17:35:27.771+0000 INFO [o.n.i.d.DiagnosticsManager] Store versions:
2021-08-23 17:35:27.771+0000 INFO [o.n.i.d.DiagnosticsManager]   ArrayPropertyStore v0.A.9
2021-08-23 17:35:27.771+0000 INFO [o.n.i.d.DiagnosticsManager]   NodeStore v0.A.9
2021-08-23 17:35:27.771+0000 INFO [o.n.i.d.DiagnosticsManager]   StringPropertyStore v0.A.9
2021-08-23 17:35:27.771+0000 INFO [o.n.i.d.DiagnosticsManager]   PropertyIndexStore v0.A.9
2021-08-23 17:35:27.771+0000 INFO [o.n.i.d.DiagnosticsManager]   StringPropertyStore v0.A.9
2021-08-23 17:35:27.771+0000 INFO [o.n.i.d.DiagnosticsManager]   ArrayPropertyStore v0.A.9
2021-08-23 17:35:27.771+0000 INFO [o.n.i.d.DiagnosticsManager]   PropertyStore v0.A.9
2021-08-23 17:35:27.771+0000 INFO [o.n.i.d.DiagnosticsManager]   RelationshipStore v0.A.9
2021-08-23 17:35:27.771+0000 INFO [o.n.i.d.DiagnosticsManager]   StringPropertyStore v0.A.9
2021-08-23 17:35:27.771+0000 INFO [o.n.i.d.DiagnosticsManager]   RelationshipTypeStore v0.A.9
2021-08-23 17:35:27.771+0000 INFO [o.n.i.d.DiagnosticsManager]   StringPropertyStore v0.A.9
2021-08-23 17:35:27.771+0000 INFO [o.n.i.d.DiagnosticsManager]   LabelTokenStore v0.A.9
2021-08-23 17:35:27.771+0000 INFO [o.n.i.d.DiagnosticsManager]   SchemaStore v0.A.9
2021-08-23 17:35:27.771+0000 INFO [o.n.i.d.DiagnosticsManager]   RelationshipGroupStore v0.A.9
2021-08-23 17:35:27.771+0000 INFO [o.n.i.d.DiagnosticsManager]   NeoStore v0.A.9
2021-08-23 17:35:27.771+0000 INFO [o.n.i.d.DiagnosticsManager] --- STARTED diagnostics for NEO_STORE_VERSIONS END ---
2021-08-23 17:35:27.771+0000 INFO [o.n.i.d.DiagnosticsManager] --- STARTED diagnostics for NEO_STORE_ID_USAGE START ---
2021-08-23 17:35:27.771+0000 INFO [o.n.i.d.DiagnosticsManager] Id usage:
2021-08-23 17:35:27.771+0000 INFO [o.n.i.d.DiagnosticsManager]   ArrayPropertyStore: used=1 high=0
2021-08-23 17:35:27.771+0000 INFO [o.n.i.d.DiagnosticsManager]   NodeStore: used=0 high=-1
2021-08-23 17:35:27.771+0000 INFO [o.n.i.d.DiagnosticsManager]   StringPropertyStore: used=1 high=0
2021-08-23 17:35:27.771+0000 INFO [o.n.i.d.DiagnosticsManager]   PropertyIndexStore: used=0 high=-1
2021-08-23 17:35:27.771+0000 INFO [o.n.i.d.DiagnosticsManager]   StringPropertyStore: used=1 high=0
2021-08-23 17:35:27.771+0000 INFO [o.n.i.d.DiagnosticsManager]   ArrayPropertyStore: used=1 high=0
2021-08-23 17:35:27.771+0000 INFO [o.n.i.d.DiagnosticsManager]   PropertyStore: used=0 high=-1
2021-08-23 17:35:27.771+0000 INFO [o.n.i.d.DiagnosticsManager]   RelationshipStore: used=0 high=-1
2021-08-23 17:35:27.771+0000 INFO [o.n.i.d.DiagnosticsManager]   StringPropertyStore: used=1 high=0
2021-08-23 17:35:27.771+0000 INFO [o.n.i.d.DiagnosticsManager]   RelationshipTypeStore: used=0 high=-1
2021-08-23 17:35:27.771+0000 INFO [o.n.i.d.DiagnosticsManager]   StringPropertyStore: used=1 high=0
2021-08-23 17:35:27.771+0000 INFO [o.n.i.d.DiagnosticsManager]   LabelTokenStore: used=0 high=-1
2021-08-23 17:35:27.771+0000 INFO [o.n.i.d.DiagnosticsManager]   SchemaStore: used=1 high=0
2021-08-23 17:35:27.771+0000 INFO [o.n.i.d.DiagnosticsManager]   RelationshipGroupStore: used=1 high=0
2021-08-23 17:35:27.771+0000 INFO [o.n.i.d.DiagnosticsManager]   NeoStore: used=15 high=14
2021-08-23 17:35:27.771+0000 INFO [o.n.i.d.DiagnosticsManager] --- STARTED diagnostics for NEO_STORE_ID_USAGE END ---
2021-08-23 17:35:27.771+0000 INFO [o.n.i.d.DiagnosticsManager] --- STARTED diagnostics for NEO_STORE_RECORDS START ---
2021-08-23 17:35:27.771+0000 INFO [o.n.i.d.DiagnosticsManager] Neostore records:
2021-08-23 17:35:27.771+0000 INFO [o.n.i.d.DiagnosticsManager] TIME (Creation time): 1629740127355
2021-08-23 17:35:27.771+0000 INFO [o.n.i.d.DiagnosticsManager] RANDOM_NUMBER (Random number for store id): 808223169425949712
2021-08-23 17:35:27.771+0000 INFO [o.n.i.d.DiagnosticsManager] LOG_VERSION (Current log version): 0
2021-08-23 17:35:27.771+0000 INFO [o.n.i.d.DiagnosticsManager] LAST_TRANSACTION_ID (Last committed transaction): 1
2021-08-23 17:35:27.771+0000 INFO [o.n.i.d.DiagnosticsManager] STORE_VERSION (Store format version): 16094931155187206
2021-08-23 17:35:27.771+0000 INFO [o.n.i.d.DiagnosticsManager] FIRST_GRAPH_PROPERTY (First property record containing graph properties): -1
2021-08-23 17:35:27.771+0000 INFO [o.n.i.d.DiagnosticsManager] LAST_CONSTRAINT_TRANSACTION (Last committed transaction containing constraint changes): 0
2021-08-23 17:35:27.771+0000 INFO [o.n.i.d.DiagnosticsManager] UPGRADE_TRANSACTION_ID (Transaction id most recent upgrade was performed at): 1
2021-08-23 17:35:27.771+0000 INFO [o.n.i.d.DiagnosticsManager] UPGRADE_TIME (Time of last upgrade): 1629740127355
2021-08-23 17:35:27.771+0000 INFO [o.n.i.d.DiagnosticsManager] LAST_TRANSACTION_CHECKSUM (Checksum of last committed transaction): 0
2021-08-23 17:35:27.771+0000 INFO [o.n.i.d.DiagnosticsManager] UPGRADE_TRANSACTION_CHECKSUM (Checksum of transaction id the most recent upgrade was performed at): 0
2021-08-23 17:35:27.771+0000 INFO [o.n.i.d.DiagnosticsManager] LAST_CLOSED_TRANSACTION_LOG_VERSION (Log version where the last transaction commit entry has been written into): 0
2021-08-23 17:35:27.771+0000 INFO [o.n.i.d.DiagnosticsManager] LAST_CLOSED_TRANSACTION_LOG_BYTE_OFFSET (Byte offset in the log file where the last transaction commit entry has been written into): 16
2021-08-23 17:35:27.771+0000 INFO [o.n.i.d.DiagnosticsManager] LAST_TRANSACTION_COMMIT_TIMESTAMP (Commit time timestamp for last committed transaction): 0
2021-08-23 17:35:27.771+0000 INFO [o.n.i.d.DiagnosticsManager] UPGRADE_TRANSACTION_COMMIT_TIMESTAMP (Commit timestamp of transaction the most recent upgrade was performed at): 0
2021-08-23 17:35:27.771+0000 INFO [o.n.i.d.DiagnosticsManager] --- STARTED diagnostics for NEO_STORE_RECORDS END ---
2021-08-23 17:35:27.771+0000 INFO [o.n.i.d.DiagnosticsManager] --- STARTED diagnostics for TRANSACTION_RANGE START ---
2021-08-23 17:35:27.771+0000 INFO [o.n.i.d.DiagnosticsManager] Transaction log:
2021-08-23 17:35:27.771+0000 INFO [o.n.i.d.DiagnosticsManager] No transactions found in any log
2021-08-23 17:35:27.771+0000 INFO [o.n.i.d.DiagnosticsManager] --- STARTED diagnostics for TRANSACTION_RANGE END ---
2021-08-23 17:35:27.771+0000 INFO [o.n.i.d.DiagnosticsManager] --- STARTED diagnostics for KernelDiagnostics:StoreFiles START ---
2021-08-23 17:35:27.785+0000 INFO [o.n.i.d.DiagnosticsManager] Disk space on partition (Total / Free / Free %): 106784935936 / 73837936640 / 69
2021-08-23 17:35:27.785+0000 INFO [o.n.i.d.DiagnosticsManager] Storage files: (filename : modification date - size)
2021-08-23 17:35:27.785+0000 INFO [o.n.i.d.DiagnosticsManager]   index:
2021-08-23 17:35:27.785+0000 INFO [o.n.i.d.DiagnosticsManager]   - Total: 2021-08-23T19:35:27+0200 - 0.00 B
2021-08-23 17:35:27.785+0000 INFO [o.n.i.d.DiagnosticsManager]   neostore: 2021-08-23T19:35:27+0200 - 8.00 kB
2021-08-23 17:35:27.785+0000 INFO [o.n.i.d.DiagnosticsManager]   neostore.counts.db.a: 2021-08-23T19:35:27+0200 - 96.00 B
2021-08-23 17:35:27.785+0000 INFO [o.n.i.d.DiagnosticsManager]   neostore.id: 2021-08-23T19:35:27+0200 - 9.00 B
2021-08-23 17:35:27.785+0000 INFO [o.n.i.d.DiagnosticsManager]   neostore.labelscanstore.db: 2021-08-23T19:35:27+0200 - 40.00 kB
2021-08-23 17:35:27.785+0000 INFO [o.n.i.d.DiagnosticsManager]   neostore.labeltokenstore.db: 2021-08-23T19:35:27+0200 - 0.00 B
2021-08-23 17:35:27.785+0000 INFO [o.n.i.d.DiagnosticsManager]   neostore.labeltokenstore.db.id: 2021-08-23T19:35:27+0200 - 9.00 B
2021-08-23 17:35:27.785+0000 INFO [o.n.i.d.DiagnosticsManager]   neostore.labeltokenstore.db.names: 2021-08-23T19:35:27+0200 - 8.00 kB
2021-08-23 17:35:27.785+0000 INFO [o.n.i.d.DiagnosticsManager]   neostore.labeltokenstore.db.names.id: 2021-08-23T19:35:27+0200 - 9.00 B
2021-08-23 17:35:27.785+0000 INFO [o.n.i.d.DiagnosticsManager]   neostore.nodestore.db: 2021-08-23T19:35:27+0200 - 0.00 B
2021-08-23 17:35:27.785+0000 INFO [o.n.i.d.DiagnosticsManager]   neostore.nodestore.db.id: 2021-08-23T19:35:27+0200 - 9.00 B
2021-08-23 17:35:27.785+0000 INFO [o.n.i.d.DiagnosticsManager]   neostore.nodestore.db.labels: 2021-08-23T19:35:27+0200 - 8.00 kB
2021-08-23 17:35:27.785+0000 INFO [o.n.i.d.DiagnosticsManager]   neostore.nodestore.db.labels.id: 2021-08-23T19:35:27+0200 - 9.00 B
2021-08-23 17:35:27.785+0000 INFO [o.n.i.d.DiagnosticsManager]   neostore.propertystore.db: 2021-08-23T19:35:27+0200 - 0.00 B
2021-08-23 17:35:27.785+0000 INFO [o.n.i.d.DiagnosticsManager]   neostore.propertystore.db.arrays: 2021-08-23T19:35:27+0200 - 8.00 kB
2021-08-23 17:35:27.785+0000 INFO [o.n.i.d.DiagnosticsManager]   neostore.propertystore.db.arrays.id: 2021-08-23T19:35:27+0200 - 9.00 B
2021-08-23 17:35:27.785+0000 INFO [o.n.i.d.DiagnosticsManager]   neostore.propertystore.db.id: 2021-08-23T19:35:27+0200 - 9.00 B
2021-08-23 17:35:27.785+0000 INFO [o.n.i.d.DiagnosticsManager]   neostore.propertystore.db.index: 2021-08-23T19:35:27+0200 - 0.00 B
2021-08-23 17:35:27.785+0000 INFO [o.n.i.d.DiagnosticsManager]   neostore.propertystore.db.index.id: 2021-08-23T19:35:27+0200 - 9.00 B
2021-08-23 17:35:27.785+0000 INFO [o.n.i.d.DiagnosticsManager]   neostore.propertystore.db.index.keys: 2021-08-23T19:35:27+0200 - 8.00 kB
2021-08-23 17:35:27.785+0000 INFO [o.n.i.d.DiagnosticsManager]   neostore.propertystore.db.index.keys.id: 2021-08-23T19:35:27+0200 - 9.00 B
2021-08-23 17:35:27.785+0000 INFO [o.n.i.d.DiagnosticsManager]   neostore.propertystore.db.strings: 2021-08-23T19:35:27+0200 - 8.00 kB
2021-08-23 17:35:27.785+0000 INFO [o.n.i.d.DiagnosticsManager]   neostore.propertystore.db.strings.id: 2021-08-23T19:35:27+0200 - 9.00 B
2021-08-23 17:35:27.785+0000 INFO [o.n.i.d.DiagnosticsManager]   neostore.relationshipgroupstore.db: 2021-08-23T19:35:27+0200 - 8.00 kB
2021-08-23 17:35:27.785+0000 INFO [o.n.i.d.DiagnosticsManager]   neostore.relationshipgroupstore.db.id: 2021-08-23T19:35:27+0200 - 9.00 B
2021-08-23 17:35:27.785+0000 INFO [o.n.i.d.DiagnosticsManager]   neostore.relationshipstore.db: 2021-08-23T19:35:27+0200 - 0.00 B
2021-08-23 17:35:27.785+0000 INFO [o.n.i.d.DiagnosticsManager]   neostore.relationshipstore.db.id: 2021-08-23T19:35:27+0200 - 9.00 B
2021-08-23 17:35:27.785+0000 INFO [o.n.i.d.DiagnosticsManager]   neostore.relationshiptypestore.db: 2021-08-23T19:35:27+0200 - 0.00 B
2021-08-23 17:35:27.785+0000 INFO [o.n.i.d.DiagnosticsManager]   neostore.relationshiptypestore.db.id: 2021-08-23T19:35:27+0200 - 9.00 B
2021-08-23 17:35:27.785+0000 INFO [o.n.i.d.DiagnosticsManager]   neostore.relationshiptypestore.db.names: 2021-08-23T19:35:27+0200 - 8.00 kB
2021-08-23 17:35:27.785+0000 INFO [o.n.i.d.DiagnosticsManager]   neostore.relationshiptypestore.db.names.id: 2021-08-23T19:35:27+0200 - 9.00 B
2021-08-23 17:35:27.785+0000 INFO [o.n.i.d.DiagnosticsManager]   neostore.schemastore.db: 2021-08-23T19:35:27+0200 - 8.00 kB
2021-08-23 17:35:27.785+0000 INFO [o.n.i.d.DiagnosticsManager]   neostore.schemastore.db.id: 2021-08-23T19:35:27+0200 - 9.00 B
2021-08-23 17:35:27.785+0000 INFO [o.n.i.d.DiagnosticsManager]   neostore.transaction.db.0: 2021-08-23T19:35:27+0200 - 16.00 B
2021-08-23 17:35:27.785+0000 INFO [o.n.i.d.DiagnosticsManager] Storage summary: 
2021-08-23 17:35:27.785+0000 INFO [o.n.i.d.DiagnosticsManager]   Total size of store: 112.24 kB
2021-08-23 17:35:27.785+0000 INFO [o.n.i.d.DiagnosticsManager]   Total size of mapped files: 112.00 kB
2021-08-23 17:35:27.785+0000 INFO [o.n.i.d.DiagnosticsManager] --- STARTED diagnostics for KernelDiagnostics:StoreFiles END ---
2021-08-23 17:35:27.785+0000 INFO [o.n.k.a.DatabaseAvailabilityGuard] Fulfilling of requirement 'Database available' makes database graph.db available.
2021-08-23 17:35:27.797+0000 INFO [o.n.k.a.DatabaseAvailabilityGuard] Database graph.db is ready.
2021-08-23 17:35:27.797+0000 INFO [o.n.k.i.DatabaseHealth] Database health set to OK
2021-08-23 17:35:28.698+0000 INFO [o.n.b.BoltServer] Bolt server loaded
2021-08-23 17:35:28.941+0000 INFO [o.n.b.BoltServer] Bolt enabled on 127.0.0.1:7687.
2021-08-23 17:35:30.308+0000 INFO [o.n.i.d.DiagnosticsManager] --- SERVER STARTED START ---
2021-08-23 17:35:31.091+0000 INFO [o.n.i.d.DiagnosticsManager] --- SERVER STARTED END ---
2021-08-23 17:35:42.327+0000 WARN [o.n.k.i.c.VmPauseMonitorComponent] Detected VM stop-the-world pause: {pauseTime=471, gcTime=0, gcCount=0}
2021-08-23 17:35:42.779+0000 WARN [o.n.k.i.c.VmPauseMonitorComponent] Detected VM stop-the-world pause: {pauseTime=124, gcTime=0, gcCount=0}
2021-08-23 17:35:48.683+0000 WARN [o.n.k.i.c.VmPauseMonitorComponent] Detected VM stop-the-world pause: {pauseTime=382, gcTime=0, gcCount=0}
2021-08-23 17:36:00.017+0000 WARN [o.n.k.i.c.VmPauseMonitorComponent] Detected VM stop-the-world pause: {pauseTime=451, gcTime=0, gcCount=0}
2021-08-23 17:36:00.411+0000 WARN [o.n.k.i.c.VmPauseMonitorComponent] Detected VM stop-the-world pause: {pauseTime=141, gcTime=0, gcCount=0}
2021-08-23 17:36:17.819+0000 WARN [o.n.k.i.c.VmPauseMonitorComponent] Detected VM stop-the-world pause: {pauseTime=477, gcTime=0, gcCount=0}
2021-08-23 17:36:23.423+0000 WARN [o.n.k.i.c.VmPauseMonitorComponent] Detected VM stop-the-world pause: {pauseTime=182, gcTime=0, gcCount=0}
2021-08-23 17:37:20.396+0000 WARN [o.n.k.i.c.VmPauseMonitorComponent] Detected VM stop-the-world pause: {pauseTime=292, gcTime=0, gcCount=0}
2021-08-23 17:37:21.696+0000 WARN [o.n.k.i.c.VmPauseMonitorComponent] Detected VM stop-the-world pause: {pauseTime=117, gcTime=0, gcCount=0}
2021-08-23 17:37:26.925+0000 WARN [o.n.k.i.c.VmPauseMonitorComponent] Detected VM stop-the-world pause: {pauseTime=292, gcTime=0, gcCount=0}
2021-08-23 17:38:08.952+0000 WARN [o.n.k.i.c.VmPauseMonitorComponent] Detected VM stop-the-world pause: {pauseTime=323, gcTime=0, gcCount=0}
2021-08-23 17:38:35.713+0000 WARN [o.n.k.i.c.VmPauseMonitorComponent] Detected VM stop-the-world pause: {pauseTime=258, gcTime=0, gcCount=0}
2021-08-23 17:39:00.204+0000 WARN [o.n.k.i.c.VmPauseMonitorComponent] Detected VM stop-the-world pause: {pauseTime=255, gcTime=0, gcCount=0}
2021-08-23 17:39:16.044+0000 WARN [o.n.k.i.c.VmPauseMonitorComponent] Detected VM stop-the-world pause: {pauseTime=305, gcTime=0, gcCount=0}
2021-08-23 17:39:22.691+0000 WARN [o.n.k.i.c.VmPauseMonitorComponent] Detected VM stop-the-world pause: {pauseTime=275, gcTime=0, gcCount=0}
2021-08-23 17:40:17.007+0000 WARN [o.n.k.i.c.VmPauseMonitorComponent] Detected VM stop-the-world pause: {pauseTime=351, gcTime=0, gcCount=0}
2021-08-23 17:40:26.642+0000 WARN [o.n.k.i.c.VmPauseMonitorComponent] Detected VM stop-the-world pause: {pauseTime=216, gcTime=0, gcCount=0}
2021-08-23 17:40:55.851+0000 WARN [o.n.k.i.c.VmPauseMonitorComponent] Detected VM stop-the-world pause: {pauseTime=290, gcTime=0, gcCount=0}
2021-08-23 17:41:02.742+0000 WARN [o.n.k.i.c.VmPauseMonitorComponent] Detected VM stop-the-world pause: {pauseTime=379, gcTime=0, gcCount=0}
2021-08-23 17:41:03.302+0000 WARN [o.n.k.i.c.VmPauseMonitorComponent] Detected VM stop-the-world pause: {pauseTime=228, gcTime=0, gcCount=0}
2021-08-23 17:41:04.003+0000 WARN [o.n.k.i.c.VmPauseMonitorComponent] Detected VM stop-the-world pause: {pauseTime=106, gcTime=0, gcCount=0}
2021-08-23 17:41:08.615+0000 WARN [o.n.k.i.c.VmPauseMonitorComponent] Detected VM stop-the-world pause: {pauseTime=461, gcTime=0, gcCount=0}
2021-08-23 17:41:09.279+0000 WARN [o.n.k.i.c.VmPauseMonitorComponent] Detected VM stop-the-world pause: {pauseTime=412, gcTime=0, gcCount=0}
2021-08-23 17:41:09.938+0000 WARN [o.n.k.i.c.VmPauseMonitorComponent] Detected VM stop-the-world pause: {pauseTime=180, gcTime=0, gcCount=0}
2021-08-23 17:41:10.870+0000 WARN [o.n.k.i.c.VmPauseMonitorComponent] Detected VM stop-the-world pause: {pauseTime=269, gcTime=0, gcCount=0}
2021-08-23 17:41:12.298+0000 WARN [o.n.k.i.c.VmPauseMonitorComponent] Detected VM stop-the-world pause: {pauseTime=444, gcTime=0, gcCount=0}
2021-08-23 17:41:13.248+0000 WARN [o.n.k.i.c.VmPauseMonitorComponent] Detected VM stop-the-world pause: {pauseTime=413, gcTime=0, gcCount=0}
2021-08-23 17:41:16.352+0000 WARN [o.n.k.i.c.VmPauseMonitorComponent] Detected VM stop-the-world pause: {pauseTime=142, gcTime=0, gcCount=0}
2021-08-23 17:41:16.807+0000 WARN [o.n.k.i.c.VmPauseMonitorComponent] Detected VM stop-the-world pause: {pauseTime=118, gcTime=0, gcCount=0}
2021-08-23 17:41:17.876+0000 WARN [o.n.k.i.c.VmPauseMonitorComponent] Detected VM stop-the-world pause: {pauseTime=386, gcTime=0, gcCount=0}
2021-08-23 17:41:22.655+0000 WARN [o.n.k.i.c.VmPauseMonitorComponent] Detected VM stop-the-world pause: {pauseTime=369, gcTime=0, gcCount=0}
2021-08-23 17:41:33.429+0000 WARN [o.n.k.i.c.VmPauseMonitorComponent] Detected VM stop-the-world pause: {pauseTime=119, gcTime=0, gcCount=0}
2021-08-23 17:41:52.905+0000 WARN [o.n.k.i.c.VmPauseMonitorComponent] Detected VM stop-the-world pause: {pauseTime=394, gcTime=0, gcCount=0}
2021-08-23 17:41:53.366+0000 WARN [o.n.k.i.c.VmPauseMonitorComponent] Detected VM stop-the-world pause: {pauseTime=293, gcTime=0, gcCount=0}
2021-08-23 17:41:58.160+0000 WARN [o.n.k.i.c.VmPauseMonitorComponent] Detected VM stop-the-world pause: {pauseTime=150, gcTime=0, gcCount=0}
2021-08-23 17:42:00.700+0000 WARN [o.n.k.i.c.VmPauseMonitorComponent] Detected VM stop-the-world pause: {pauseTime=498, gcTime=0, gcCount=0}
2021-08-23 17:42:35.313+0000 WARN [o.n.k.i.c.VmPauseMonitorComponent] Detected VM stop-the-world pause: {pauseTime=414, gcTime=0, gcCount=0}
2021-08-23 17:42:47.241+0000 WARN [o.n.k.i.c.VmPauseMonitorComponent] Detected VM stop-the-world pause: {pauseTime=197, gcTime=0, gcCount=0}
2021-08-23 17:43:04.249+0000 WARN [o.n.k.i.c.VmPauseMonitorComponent] Detected VM stop-the-world pause: {pauseTime=305, gcTime=0, gcCount=0}
2021-08-23 17:43:09.181+0000 WARN [o.n.k.i.c.VmPauseMonitorComponent] Detected VM stop-the-world pause: {pauseTime=434, gcTime=0, gcCount=0}
2021-08-23 17:43:11.419+0000 WARN [o.n.k.i.c.VmPauseMonitorComponent] Detected VM stop-the-world pause: {pauseTime=150, gcTime=0, gcCount=0}
2021-08-23 17:43:14.157+0000 WARN [o.n.k.i.c.VmPauseMonitorComponent] Detected VM stop-the-world pause: {pauseTime=304, gcTime=0, gcCount=0}
2021-08-23 17:43:24.821+0000 WARN [o.n.k.i.c.VmPauseMonitorComponent] Detected VM stop-the-world pause: {pauseTime=216, gcTime=0, gcCount=0}
2021-08-23 17:43:32.913+0000 WARN [o.n.k.i.c.VmPauseMonitorComponent] Detected VM stop-the-world pause: {pauseTime=375, gcTime=0, gcCount=0}
2021-08-23 17:43:42.359+0000 WARN [o.n.k.i.c.VmPauseMonitorComponent] Detected VM stop-the-world pause: {pauseTime=281, gcTime=0, gcCount=0}
2021-08-23 17:43:46.023+0000 WARN [o.n.k.i.c.VmPauseMonitorComponent] Detected VM stop-the-world pause: {pauseTime=107, gcTime=0, gcCount=0}
2021-08-23 17:43:48.180+0000 WARN [o.n.k.i.c.VmPauseMonitorComponent] Detected VM stop-the-world pause: {pauseTime=365, gcTime=0, gcCount=0}
2021-08-23 17:44:07.571+0000 WARN [o.n.k.i.c.VmPauseMonitorComponent] Detected VM stop-the-world pause: {pauseTime=346, gcTime=0, gcCount=0}
2021-08-23 17:44:16.646+0000 WARN [o.n.k.i.c.VmPauseMonitorComponent] Detected VM stop-the-world pause: {pauseTime=141, gcTime=0, gcCount=0}
2021-08-23 17:44:17.498+0000 WARN [o.n.k.i.c.VmPauseMonitorComponent] Detected VM stop-the-world pause: {pauseTime=415, gcTime=0, gcCount=0}
2021-08-23 17:44:24.212+0000 WARN [o.n.k.i.c.VmPauseMonitorComponent] Detected VM stop-the-world pause: {pauseTime=323, gcTime=0, gcCount=0}
2021-08-23 17:44:39.454+0000 WARN [o.n.k.i.c.VmPauseMonitorComponent] Detected VM stop-the-world pause: {pauseTime=231, gcTime=0, gcCount=0}
2021-08-23 17:45:05.059+0000 WARN [o.n.k.i.c.VmPauseMonitorComponent] Detected VM stop-the-world pause: {pauseTime=445, gcTime=0, gcCount=0}
2021-08-23 17:45:08.604+0000 WARN [o.n.k.i.c.VmPauseMonitorComponent] Detected VM stop-the-world pause: {pauseTime=142, gcTime=0, gcCount=0}
2021-08-23 17:45:12.812+0000 WARN [o.n.k.i.c.VmPauseMonitorComponent] Detected VM stop-the-world pause: {pauseTime=127, gcTime=0, gcCount=0}
2021-08-23 17:45:14.800+0000 WARN [o.n.k.i.c.VmPauseMonitorComponent] Detected VM stop-the-world pause: {pauseTime=459, gcTime=0, gcCount=0}
2021-08-23 17:45:22.636+0000 WARN [o.n.k.i.c.VmPauseMonitorComponent] Detected VM stop-the-world pause: {pauseTime=408, gcTime=0, gcCount=0}
2021-08-23 17:45:23.067+0000 WARN [o.n.k.i.c.VmPauseMonitorComponent] Detected VM stop-the-world pause: {pauseTime=411, gcTime=0, gcCount=0}
2021-08-23 17:45:23.310+0000 WARN [o.n.k.i.c.VmPauseMonitorComponent] Detected VM stop-the-world pause: {pauseTime=242, gcTime=0, gcCount=0}
2021-08-23 17:45:23.807+0000 WARN [o.n.k.i.c.VmPauseMonitorComponent] Detected VM stop-the-world pause: {pauseTime=277, gcTime=0, gcCount=0}
2021-08-23 17:45:24.767+0000 WARN [o.n.k.i.c.VmPauseMonitorComponent] Detected VM stop-the-world pause: {pauseTime=128, gcTime=0, gcCount=0}
2021-08-23 17:45:26.527+0000 WARN [o.n.k.i.c.VmPauseMonitorComponent] Detected VM stop-the-world pause: {pauseTime=404, gcTime=0, gcCount=0}
2021-08-23 17:45:27.886+0000 WARN [o.n.k.i.c.VmPauseMonitorComponent] Detected VM stop-the-world pause: {pauseTime=426, gcTime=0, gcCount=0}
2021-08-23 17:45:28.482+0000 WARN [o.n.k.i.c.VmPauseMonitorComponent] Detected VM stop-the-world pause: {pauseTime=193, gcTime=0, gcCount=0}
2021-08-23 17:45:30.452+0000 WARN [o.n.k.i.c.VmPauseMonitorComponent] Detected VM stop-the-world pause: {pauseTime=193, gcTime=0, gcCount=0}
2021-08-23 17:45:31.644+0000 WARN [o.n.k.i.c.VmPauseMonitorComponent] Detected VM stop-the-world pause: {pauseTime=435, gcTime=0, gcCount=0}
2021-08-23 17:45:31.943+0000 WARN [o.n.k.i.c.VmPauseMonitorComponent] Detected VM stop-the-world pause: {pauseTime=265, gcTime=0, gcCount=0}
2021-08-23 17:45:32.410+0000 WARN [o.n.k.i.c.VmPauseMonitorComponent] Detected VM stop-the-world pause: {pauseTime=419, gcTime=0, gcCount=0}
2021-08-23 17:45:33.044+0000 WARN [o.n.k.i.c.VmPauseMonitorComponent] Detected VM stop-the-world pause: {pauseTime=458, gcTime=0, gcCount=0}
2021-08-23 17:45:38.069+0000 WARN [o.n.k.i.c.VmPauseMonitorComponent] Detected VM stop-the-world pause: {pauseTime=183, gcTime=0, gcCount=0}
2021-08-23 17:45:39.338+0000 WARN [o.n.k.i.c.VmPauseMonitorComponent] Detected VM stop-the-world pause: {pauseTime=351, gcTime=0, gcCount=0}
2021-08-23 17:45:44.668+0000 WARN [o.n.k.i.c.VmPauseMonitorComponent] Detected VM stop-the-world pause: {pauseTime=355, gcTime=0, gcCount=0}
2021-08-23 17:46:01.800+0000 WARN [o.n.k.i.c.VmPauseMonitorComponent] Detected VM stop-the-world pause: {pauseTime=319, gcTime=0, gcCount=0}
2021-08-23 17:46:02.863+0000 WARN [o.n.k.i.c.VmPauseMonitorComponent] Detected VM stop-the-world pause: {pauseTime=473, gcTime=0, gcCount=0}
2021-08-23 17:46:14.807+0000 WARN [o.n.k.i.c.VmPauseMonitorComponent] Detected VM stop-the-world pause: {pauseTime=463, gcTime=0, gcCount=0}
2021-08-23 17:46:23.530+0000 WARN [o.n.k.i.c.VmPauseMonitorComponent] Detected VM stop-the-world pause: {pauseTime=432, gcTime=0, gcCount=0}
2021-08-23 17:46:26.047+0000 WARN [o.n.k.i.c.VmPauseMonitorComponent] Detected VM stop-the-world pause: {pauseTime=167, gcTime=0, gcCount=0}
2021-08-23 17:46:36.651+0000 WARN [o.n.k.i.c.VmPauseMonitorComponent] Detected VM stop-the-world pause: {pauseTime=398, gcTime=0, gcCount=0}
2021-08-23 17:46:38.588+0000 INFO [o.n.g.f.GraphDatabaseFacadeFactory] Shutdown started
2021-08-23 17:46:38.588+0000 INFO [o.n.k.a.DatabaseAvailabilityGuard] Database graph.db is unavailable.
2021-08-23 17:46:38.588+0000 INFO [o.n.g.f.GraphDatabaseFacadeFactory] Shutting down 'graph.db' database.
2021-08-23 17:46:38.588+0000 INFO [o.n.g.f.GraphDatabaseFacadeFactory] Shutdown started
2021-08-23 17:46:38.588+0000 INFO [o.n.k.i.t.l.c.CheckPointerImpl] Checkpoint triggered by database shutdown @ txId: 1 checkpoint started...
2021-08-23 17:46:38.610+0000 INFO [o.n.k.i.t.l.c.CheckPointerImpl] Checkpoint triggered by database shutdown @ txId: 1 checkpoint completed in 22ms
2021-08-23 17:46:38.610+0000 INFO [o.n.k.i.t.l.p.LogPruningImpl] No log version pruned, last checkpoint was made in version 0
2021-08-23 17:46:38.646+0000 INFO [o.n.i.d.DiagnosticsManager] --- STOPPING diagnostics START ---
2021-08-23 17:46:38.646+0000 INFO [o.n.i.d.DiagnosticsManager] --- STOPPING diagnostics END ---
